<?xml version="1.0" encoding="UTF-8"?>
<!-- Generated by org.testng.reporters.JUnitXMLReporter -->
<testsuite hostname="LAPTOP-V27AG5SL" ignored="0" name="Dollar Days Test" tests="26" failures="0" timestamp="2020-09-18T12:17:27 PDT" time="882.746" errors="0">
  <testcase name="TC_DD_PDP_Entry_Cases" time="20.473" classname="com.dollardays.testcases.Team9_ProductDescriptionPageTestCases"/>
  <testcase name="TC_DD_PDP_Entry_Cases" time="20.594" classname="com.dollardays.testcases.Team9_ProductDescriptionPageTestCases"/>
  <testcase name="TC_DD_PDP_LeftNavigation_Cases" time="16.523" classname="com.dollardays.testcases.Team9_ProductDescriptionPageTestCases"/>
  <testcase name="TC_DD_PDP_LeftNavigation_Cases" time="15.223" classname="com.dollardays.testcases.Team9_ProductDescriptionPageTestCases"/>
  <testcase name="TC_DD_PDP_LeftNavigation_Cases" time="18.986" classname="com.dollardays.testcases.Team9_ProductDescriptionPageTestCases"/>
  <testcase name="TC_DD_PDP_LeftNavigation_Cases" time="24.224" classname="com.dollardays.testcases.Team9_ProductDescriptionPageTestCases"/>
  <testcase name="TC_DD_PDP_LeftNavigation_Cases" time="18.919" classname="com.dollardays.testcases.Team9_ProductDescriptionPageTestCases"/>
  <testcase name="TC_DD_PDP_LeftNavigation_Cases" time="19.895" classname="com.dollardays.testcases.Team9_ProductDescriptionPageTestCases"/>
  <testcase name="TC_DD_PDP_LeftNavigation_Cases" time="18.193" classname="com.dollardays.testcases.Team9_ProductDescriptionPageTestCases"/>
  <testcase name="TC_DD_PDP_ProductDetails_Cases" time="16.351" classname="com.dollardays.testcases.Team9_ProductDescriptionPageTestCases"/>
  <testcase name="TC_DD_PDP_ProductDetails_Cases" time="16.046" classname="com.dollardays.testcases.Team9_ProductDescriptionPageTestCases"/>
  <testcase name="TC_DD_PDP_ProductDetails_Cases" time="16.649" classname="com.dollardays.testcases.Team9_ProductDescriptionPageTestCases"/>
  <testcase name="TC_DD_PDP_ProductDetails_Cases" time="16.429" classname="com.dollardays.testcases.Team9_ProductDescriptionPageTestCases"/>
  <testcase name="TC_DD_PDP_ProductDetails_Cases" time="15.954" classname="com.dollardays.testcases.Team9_ProductDescriptionPageTestCases"/>
  <testcase name="TC_DD_PDP_ProductDetails_Cases" time="15.963" classname="com.dollardays.testcases.Team9_ProductDescriptionPageTestCases"/>
  <testcase name="TC_DD_PDP_ProductDetails_Cases" time="16.354" classname="com.dollardays.testcases.Team9_ProductDescriptionPageTestCases"/>
  <testcase name="TC_DD_PDP_ProductDetails_Cases" time="16.817" classname="com.dollardays.testcases.Team9_ProductDescriptionPageTestCases"/>
  <testcase name="TC_DD_PDP_ProductDetails_Cases" time="16.056" classname="com.dollardays.testcases.Team9_ProductDescriptionPageTestCases"/>
  <testcase name="TC_DD_PDP_Quantity_Cases" time="25.755" classname="com.dollardays.testcases.Team9_ProductDescriptionPageTestCases"/>
  <testcase name="TC_DD_PDP_Quantity_Cases" time="33.154" classname="com.dollardays.testcases.Team9_ProductDescriptionPageTestCases"/>
  <testcase name="TC_DD_PDP_Quantity_Cases" time="25.425" classname="com.dollardays.testcases.Team9_ProductDescriptionPageTestCases"/>
  <testcase name="TC_DD_PDP_Quantity_Cases" time="23.057" classname="com.dollardays.testcases.Team9_ProductDescriptionPageTestCases"/>
  <testcase name="TC_DD_PDP_Quantity_Cases" time="23.049" classname="com.dollardays.testcases.Team9_ProductDescriptionPageTestCases"/>
  <testcase name="TC_DD_PDP_Quantity_Cases" time="22.885" classname="com.dollardays.testcases.Team9_ProductDescriptionPageTestCases"/>
  <testcase name="TC_DD_PDP_Quantity_Cases" time="26.218" classname="com.dollardays.testcases.Team9_ProductDescriptionPageTestCases"/>
  <testcase name="TC_DD_PDP_Quantity_Cases" time="24.953" classname="com.dollardays.testcases.Team9_ProductDescriptionPageTestCases"/>
</testsuite> <!-- Dollar Days Test -->
