<?xml version="1.0" encoding="UTF-8"?>
<!-- Generated by org.testng.reporters.JUnitXMLReporter -->
<testsuite hostname="MININT-UM25UFB" ignored="0" name="Dollar Days Test" tests="44" failures="1" timestamp="2020-10-16T16:45:25 EDT" time="552.502" errors="0">
  <testcase name="@BeforeMethod setUpBrowser" time="13.78" classname="com.dollardays.testcases.BaseTest">
    <failure type="java.lang.Exception" message="Driver Not Found">
      <![CDATA[java.lang.Exception: Driver Not Found
at com.dollardays.testcases.BaseTest.openBrowser(BaseTest.java:95)
at com.dollardays.testcases.BaseTest.setUpBrowser(BaseTest.java:117)
at java.util.ArrayList.forEach(ArrayList.java:1259)
... Removed 30 stack frames]]>
    </failure>
  </testcase> <!-- @BeforeMethod setUpBrowser -->
  <testcase name="@AfterMethod quit" time="-1.602881125824E9" classname="com.dollardays.testcases.BaseTest">
    <skipped/>
  </testcase> <!-- @AfterMethod quit -->
  <testcase name="@BeforeMethod setUpBrowser" time="-1.602881125826E9" classname="com.dollardays.testcases.BaseTest">
    <skipped/>
  </testcase> <!-- @BeforeMethod setUpBrowser -->
  <testcase name="@AfterMethod quit" time="-1.602881125828E9" classname="com.dollardays.testcases.BaseTest">
    <skipped/>
  </testcase> <!-- @AfterMethod quit -->
  <testcase name="@BeforeMethod setUpBrowser" time="-1.602881125829E9" classname="com.dollardays.testcases.BaseTest">
    <skipped/>
  </testcase> <!-- @BeforeMethod setUpBrowser -->
  <testcase name="@AfterMethod quit" time="-1.602881125834E9" classname="com.dollardays.testcases.BaseTest">
    <skipped/>
  </testcase> <!-- @AfterMethod quit -->
  <testcase name="@BeforeMethod setUpBrowser" time="-1.602881125836E9" classname="com.dollardays.testcases.BaseTest">
    <skipped/>
  </testcase> <!-- @BeforeMethod setUpBrowser -->
  <testcase name="@AfterMethod quit" time="-1.602881125839E9" classname="com.dollardays.testcases.BaseTest">
    <skipped/>
  </testcase> <!-- @AfterMethod quit -->
  <testcase name="@BeforeMethod setUpBrowser" time="-1.60288112584E9" classname="com.dollardays.testcases.BaseTest">
    <skipped/>
  </testcase> <!-- @BeforeMethod setUpBrowser -->
  <testcase name="@AfterMethod quit" time="-1.602881125843E9" classname="com.dollardays.testcases.BaseTest">
    <skipped/>
  </testcase> <!-- @AfterMethod quit -->
  <testcase name="@BeforeMethod setUpBrowser" time="-1.602881125844E9" classname="com.dollardays.testcases.BaseTest">
    <skipped/>
  </testcase> <!-- @BeforeMethod setUpBrowser -->
  <testcase name="@AfterMethod quit" time="-1.602881125848E9" classname="com.dollardays.testcases.BaseTest">
    <skipped/>
  </testcase> <!-- @AfterMethod quit -->
  <testcase name="@BeforeMethod setUpBrowser" time="-1.602881125852E9" classname="com.dollardays.testcases.BaseTest">
    <skipped/>
  </testcase> <!-- @BeforeMethod setUpBrowser -->
  <testcase name="@AfterMethod quit" time="-1.602881125855E9" classname="com.dollardays.testcases.BaseTest">
    <skipped/>
  </testcase> <!-- @AfterMethod quit -->
  <testcase name="@BeforeMethod setUpBrowser" time="-1.602881125856E9" classname="com.dollardays.testcases.BaseTest">
    <skipped/>
  </testcase> <!-- @BeforeMethod setUpBrowser -->
  <testcase name="@AfterMethod quit" time="-1.602881125858E9" classname="com.dollardays.testcases.BaseTest">
    <skipped/>
  </testcase> <!-- @AfterMethod quit -->
  <testcase name="@BeforeMethod setUpBrowser" time="-1.602881125859E9" classname="com.dollardays.testcases.BaseTest">
    <skipped/>
  </testcase> <!-- @BeforeMethod setUpBrowser -->
  <testcase name="@AfterMethod quit" time="-1.602881125861E9" classname="com.dollardays.testcases.BaseTest">
    <skipped/>
  </testcase> <!-- @AfterMethod quit -->
  <testcase name="@BeforeMethod setUpBrowser" time="-1.602881125861E9" classname="com.dollardays.testcases.BaseTest">
    <skipped/>
  </testcase> <!-- @BeforeMethod setUpBrowser -->
  <testcase name="@AfterMethod quit" time="-1.602881125864E9" classname="com.dollardays.testcases.BaseTest">
    <skipped/>
  </testcase> <!-- @AfterMethod quit -->
  <testcase name="@BeforeMethod setUpBrowser" time="-1.602881125866E9" classname="com.dollardays.testcases.BaseTest">
    <skipped/>
  </testcase> <!-- @BeforeMethod setUpBrowser -->
  <testcase name="@AfterMethod quit" time="-1.602881125894E9" classname="com.dollardays.testcases.BaseTest">
    <skipped/>
  </testcase> <!-- @AfterMethod quit -->
  <testcase name="@BeforeMethod setUpBrowser" time="-1.602881125896E9" classname="com.dollardays.testcases.BaseTest">
    <skipped/>
  </testcase> <!-- @BeforeMethod setUpBrowser -->
  <testcase name="@AfterMethod quit" time="-1.602881125904E9" classname="com.dollardays.testcases.BaseTest">
    <skipped/>
  </testcase> <!-- @AfterMethod quit -->
  <testcase name="@BeforeMethod setUpBrowser" time="-1.602881125906E9" classname="com.dollardays.testcases.BaseTest">
    <skipped/>
  </testcase> <!-- @BeforeMethod setUpBrowser -->
  <testcase name="@AfterMethod quit" time="-1.602881125909E9" classname="com.dollardays.testcases.BaseTest">
    <skipped/>
  </testcase> <!-- @AfterMethod quit -->
  <testcase name="@BeforeMethod setUpBrowser" time="-1.60288112591E9" classname="com.dollardays.testcases.BaseTest">
    <skipped/>
  </testcase> <!-- @BeforeMethod setUpBrowser -->
  <testcase name="@AfterMethod quit" time="-1.602881125913E9" classname="com.dollardays.testcases.BaseTest">
    <skipped/>
  </testcase> <!-- @AfterMethod quit -->
  <testcase name="@BeforeMethod setUpBrowser" time="-1.602881125928E9" classname="com.dollardays.testcases.BaseTest">
    <skipped/>
  </testcase> <!-- @BeforeMethod setUpBrowser -->
  <testcase name="@AfterMethod quit" time="-1.602881125933E9" classname="com.dollardays.testcases.BaseTest">
    <skipped/>
  </testcase> <!-- @AfterMethod quit -->
  <testcase name="@BeforeMethod setUpBrowser" time="-1.602881125934E9" classname="com.dollardays.testcases.BaseTest">
    <skipped/>
  </testcase> <!-- @BeforeMethod setUpBrowser -->
  <testcase name="@AfterMethod quit" time="-1.602881125937E9" classname="com.dollardays.testcases.BaseTest">
    <skipped/>
  </testcase> <!-- @AfterMethod quit -->
  <testcase name="@BeforeMethod setUpBrowser" time="-1.602881125937E9" classname="com.dollardays.testcases.BaseTest">
    <skipped/>
  </testcase> <!-- @BeforeMethod setUpBrowser -->
  <testcase name="@AfterMethod quit" time="-1.602881125941E9" classname="com.dollardays.testcases.BaseTest">
    <skipped/>
  </testcase> <!-- @AfterMethod quit -->
  <testcase name="@AfterClass afterClass" time="-1.602881125943E9" classname="com.dollardays.testcases.MT">
    <skipped/>
  </testcase> <!-- @AfterClass afterClass -->
  <testcase name="WishlistimgTest" time="11.315" classname="com.dollardays.testcases.HomePageB4logintestcase"/>
  <testcase name="WLLearnMorePageTitleTest" time="12.519" classname="com.dollardays.testcases.HomePageB4logintestcase"/>
  <testcase name="CreateawishlistPageTitleTest" time="12.596" classname="com.dollardays.testcases.HomePageB4logintestcase"/>
  <testcase name="DonatetodayPageTitleTest" time="12.723" classname="com.dollardays.testcases.HomePageB4logintestcase"/>
  <testcase name="verifyCreateawishlistbtn" time="8.337" classname="com.dollardays.testcases.WishlistPageB4loginTestcase"/>
  <testcase name="InspectAnnArborPublicSchoolsadDonatenowbtn" time="8.499" classname="com.dollardays.testcases.WishlistPageB4loginTestcase"/>
  <testcase name="InspectEdicationreliefpacksadDonatenowbtn" time="8.269" classname="com.dollardays.testcases.WishlistPageB4loginTestcase"/>
  <testcase name="InspectPolkcountrymidschooladDonatenowbtn" time="6.168" classname="com.dollardays.testcases.WishlistPageB4loginTestcase">
    <failure type="java.lang.AssertionError" message="expected [Wish List for Polk County Middle School 7th Grade] but found [Wish List for Coalition of Concerned Medical Professionals]">
      <![CDATA[java.lang.AssertionError: expected [Wish List for Polk County Middle School 7th Grade] but found [Wish List for Coalition of Concerned Medical Professionals]
at com.dollardays.testcases.WishlistPageB4loginTestcase.InspectPolkcountrymidschooladDonatenowbtn(WishlistPageB4loginTestcase.java:128)
at java.util.ArrayList.forEach(ArrayList.java:1259)
... Removed 33 stack frames]]>
    </failure>
  </testcase> <!-- InspectPolkcountrymidschooladDonatenowbtn -->
  <testcase name="VerifyCityStateandorzipcodefieldfunctionalityInvaliddata" time="9.074" classname="com.dollardays.testcases.WishlistPageB4loginTestcase"/>
  <testcase name="VerifyCityStateandorzipcodefieldfunctionalityInvaliddata" time="8.799" classname="com.dollardays.testcases.WishlistPageB4loginTestcase"/>
  <testcase name="VerifyCityStateandorzipcodefieldfunctionalityInvaliddata" time="8.736" classname="com.dollardays.testcases.WishlistPageB4loginTestcase"/>
  <testcase name="VerifysearchbyorganizationtextfieldfunctionalityInvaliddata" time="9.21" classname="com.dollardays.testcases.WishlistPageB4loginTestcase"/>
  <testcase name="VerifysearchbyorganizationtextfieldfunctionalityInvaliddata" time="9.304" classname="com.dollardays.testcases.WishlistPageB4loginTestcase"/>
  <testcase name="VerifysearchbyorganizationtextfieldfunctionalityInvaliddata" time="9.86" classname="com.dollardays.testcases.WishlistPageB4loginTestcase"/>
  <testcase name="VerifysearchbyorganizationtextfieldfunctionalityInvaliddata" time="9.722" classname="com.dollardays.testcases.WishlistPageB4loginTestcase"/>
  <testcase name="VerifysearchbyorganizationtextfieldfunctionalityInvaliddata" time="9.968" classname="com.dollardays.testcases.WishlistPageB4loginTestcase"/>
  <testcase name="VerifysearchbyorganizationtextfieldfunctionalityInvaliddata" time="9.832" classname="com.dollardays.testcases.WishlistPageB4loginTestcase"/>
  <testcase name="VerifyCityStateandorzipcodefieldfunctionalityvaliddata" time="14.697" classname="com.dollardays.testcases.WishlistPageB4loginTestcase"/>
  <testcase name="VerifyCityStateandorzipcodefieldfunctionalityvaliddata" time="14.839" classname="com.dollardays.testcases.WishlistPageB4loginTestcase"/>
  <testcase name="VerifyCityStateandorzipcodefieldfunctionalityvaliddata" time="15.073" classname="com.dollardays.testcases.WishlistPageB4loginTestcase"/>
  <testcase name="VerifyCityStateandorzipcodefieldfunctionalityvaliddata" time="14.894" classname="com.dollardays.testcases.WishlistPageB4loginTestcase"/>
  <testcase name="VerifyCityStateandorzipcodefieldfunctionalityvaliddata" time="15.243" classname="com.dollardays.testcases.WishlistPageB4loginTestcase"/>
  <testcase name="VerifyCityStateandorzipcodefieldfunctionalityvaliddata" time="15.019" classname="com.dollardays.testcases.WishlistPageB4loginTestcase"/>
  <testcase name="TC_04_verifyDonateTodayUnderWishlist" time="12.766" classname="com.dollardays.testcases.DonateTodayTestcase1team8"/>
  <testcase name="testBabyLink" time="2.839" classname="com.dollardays.testcases.HomePageTestcaseTeam8"/>
  <testcase name="testBackpack" time="2.914" classname="com.dollardays.testcases.HomePageTestcaseTeam8"/>
  <testcase name="testBigBoxSchoolSupplies" time="7.299" classname="com.dollardays.testcases.HomePageTestcaseTeam8"/>
  <testcase name="testBlankets" time="0.0" classname="com.dollardays.testcases.HomePageTestcaseTeam8">
    <skipped/>
  </testcase> <!-- testBlankets -->
  <testcase name="testCleaningSupplies" time="0.0" classname="com.dollardays.testcases.HomePageTestcaseTeam8">
    <skipped/>
  </testcase> <!-- testCleaningSupplies -->
  <testcase name="testElectronics" time="0.0" classname="com.dollardays.testcases.HomePageTestcaseTeam8">
    <skipped/>
  </testcase> <!-- testElectronics -->
  <testcase name="testFirstAid" time="0.0" classname="com.dollardays.testcases.HomePageTestcaseTeam8">
    <skipped/>
  </testcase> <!-- testFirstAid -->
  <testcase name="testFlipFlops" time="0.0" classname="com.dollardays.testcases.HomePageTestcaseTeam8">
    <skipped/>
  </testcase> <!-- testFlipFlops -->
  <testcase name="testFood" time="0.0" classname="com.dollardays.testcases.HomePageTestcaseTeam8">
    <skipped/>
  </testcase> <!-- testFood -->
  <testcase name="testForwardBackpacks" time="0.0" classname="com.dollardays.testcases.HomePageTestcaseTeam8">
    <skipped/>
  </testcase> <!-- testForwardBackpacks -->
  <testcase name="testHygieneKits" time="0.0" classname="com.dollardays.testcases.HomePageTestcaseTeam8">
    <skipped/>
  </testcase> <!-- testHygieneKits -->
  <testcase name="testKidsClothing" time="0.0" classname="com.dollardays.testcases.HomePageTestcaseTeam8">
    <skipped/>
  </testcase> <!-- testKidsClothing -->
  <testcase name="testKitchenDining" time="0.0" classname="com.dollardays.testcases.HomePageTestcaseTeam8">
    <skipped/>
  </testcase> <!-- testKitchenDining -->
  <testcase name="testMedicine" time="0.0" classname="com.dollardays.testcases.HomePageTestcaseTeam8">
    <skipped/>
  </testcase> <!-- testMedicine -->
  <testcase name="testOralCare" time="0.0" classname="com.dollardays.testcases.HomePageTestcaseTeam8">
    <skipped/>
  </testcase> <!-- testOralCare -->
  <testcase name="testPPEGear" time="0.0" classname="com.dollardays.testcases.HomePageTestcaseTeam8">
    <skipped/>
  </testcase> <!-- testPPEGear -->
  <testcase name="testSchoolSupplies" time="0.0" classname="com.dollardays.testcases.HomePageTestcaseTeam8">
    <skipped/>
  </testcase> <!-- testSchoolSupplies -->
  <testcase name="testShoes" time="0.0" classname="com.dollardays.testcases.HomePageTestcaseTeam8">
    <skipped/>
  </testcase> <!-- testShoes -->
  <testcase name="testToysGames" time="0.0" classname="com.dollardays.testcases.HomePageTestcaseTeam8">
    <skipped/>
  </testcase> <!-- testToysGames -->
  <testcase name="tetsTravelSize" time="0.0" classname="com.dollardays.testcases.HomePageTestcaseTeam8">
    <skipped/>
  </testcase> <!-- tetsTravelSize -->
</testsuite> <!-- Dollar Days Test -->
